INFO:utils:Augmenting image
INFO:utils: Copied 'img1.txt' to 'img10.txt' in 'C:\Users\PC\AppData\Local\Temp\tmpao5hfr5w\train'
INFO:utils: Copied 'img1.txt' to 'img11.txt' in 'C:\Users\PC\AppData\Local\Temp\tmpao5hfr5w\train'
INFO:utils: Copied 'img1.txt' to 'img12.txt' in 'C:\Users\PC\AppData\Local\Temp\tmpao5hfr5w\train'
INFO:utils: Copied 'img2.txt' to 'img20.txt' in 'C:\Users\PC\AppData\Local\Temp\tmpao5hfr5w\train'
INFO:utils: Copied 'img2.txt' to 'img21.txt' in 'C:\Users\PC\AppData\Local\Temp\tmpao5hfr5w\train'
INFO:utils: Copied 'img2.txt' to 'img22.txt' in 'C:\Users\PC\AppData\Local\Temp\tmpao5hfr5w\train'
INFO:utils: Copied 'img3.txt' to 'img30.txt' in 'C:\Users\PC\AppData\Local\Temp\tmpao5hfr5w\train'
INFO:utils: Copied 'img3.txt' to 'img31.txt' in 'C:\Users\PC\AppData\Local\Temp\tmpao5hfr5w\train'
INFO:utils: Copied 'img3.txt' to 'img32.txt' in 'C:\Users\PC\AppData\Local\Temp\tmpao5hfr5w\train'
INFO:utils: Copied 'img4.txt' to 'img40.txt' in 'C:\Users\PC\AppData\Local\Temp\tmpao5hfr5w\train'
INFO:utils: Copied 'img4.txt' to 'img41.txt' in 'C:\Users\PC\AppData\Local\Temp\tmpao5hfr5w\train'
INFO:utils: Copied 'img4.txt' to 'img42.txt' in 'C:\Users\PC\AppData\Local\Temp\tmpao5hfr5w\train'
INFO:utils: Copied 'img5.txt' to 'img50.txt' in 'C:\Users\PC\AppData\Local\Temp\tmpao5hfr5w\train'
INFO:utils: Copied 'img5.txt' to 'img51.txt' in 'C:\Users\PC\AppData\Local\Temp\tmpao5hfr5w\train'
INFO:utils: Copied 'img5.txt' to 'img52.txt' in 'C:\Users\PC\AppData\Local\Temp\tmpao5hfr5w\train'
INFO:utils: Copied 'img6.txt' to 'img60.txt' in 'C:\Users\PC\AppData\Local\Temp\tmpao5hfr5w\train'
INFO:utils: Copied 'img6.txt' to 'img61.txt' in 'C:\Users\PC\AppData\Local\Temp\tmpao5hfr5w\train'
INFO:utils: Copied 'img6.txt' to 'img62.txt' in 'C:\Users\PC\AppData\Local\Temp\tmpao5hfr5w\train'
INFO:utils: Copied 'img7.txt' to 'img70.txt' in 'C:\Users\PC\AppData\Local\Temp\tmpao5hfr5w\train'
INFO:utils: Copied 'img7.txt' to 'img71.txt' in 'C:\Users\PC\AppData\Local\Temp\tmpao5hfr5w\train'
INFO:utils: Copied 'img7.txt' to 'img72.txt' in 'C:\Users\PC\AppData\Local\Temp\tmpao5hfr5w\train'
INFO:utils: Copied 'img8.txt' to 'img80.txt' in 'C:\Users\PC\AppData\Local\Temp\tmpao5hfr5w\train'
INFO:utils: Copied 'img8.txt' to 'img81.txt' in 'C:\Users\PC\AppData\Local\Temp\tmpao5hfr5w\train'
INFO:utils: Copied 'img8.txt' to 'img82.txt' in 'C:\Users\PC\AppData\Local\Temp\tmpao5hfr5w\train'
INFO:utils: Copied 'img9.txt' to 'img90.txt' in 'C:\Users\PC\AppData\Local\Temp\tmpao5hfr5w\train'
INFO:utils: Copied 'img9.txt' to 'img91.txt' in 'C:\Users\PC\AppData\Local\Temp\tmpao5hfr5w\train'
INFO:utils:Augmenting image
INFO:utils: Copied 'img1.txt' to 'img10.txt' in 'C:\Users\PC\AppData\Local\Temp\tmpkypsmj1n\train'
INFO:utils: Copied 'img1.txt' to 'img11.txt' in 'C:\Users\PC\AppData\Local\Temp\tmpkypsmj1n\train'
INFO:utils: Copied 'img1.txt' to 'img12.txt' in 'C:\Users\PC\AppData\Local\Temp\tmpkypsmj1n\train'
INFO:utils: Copied 'img2.txt' to 'img20.txt' in 'C:\Users\PC\AppData\Local\Temp\tmpkypsmj1n\train'
INFO:utils: Copied 'img2.txt' to 'img21.txt' in 'C:\Users\PC\AppData\Local\Temp\tmpkypsmj1n\train'
INFO:utils: Copied 'img2.txt' to 'img22.txt' in 'C:\Users\PC\AppData\Local\Temp\tmpkypsmj1n\train'
INFO:utils: Copied 'img3.txt' to 'img30.txt' in 'C:\Users\PC\AppData\Local\Temp\tmpkypsmj1n\train'
INFO:utils: Copied 'img3.txt' to 'img31.txt' in 'C:\Users\PC\AppData\Local\Temp\tmpkypsmj1n\train'
INFO:utils: Copied 'img3.txt' to 'img32.txt' in 'C:\Users\PC\AppData\Local\Temp\tmpkypsmj1n\train'
INFO:utils: Copied 'img4.txt' to 'img40.txt' in 'C:\Users\PC\AppData\Local\Temp\tmpkypsmj1n\train'
INFO:utils: Copied 'img4.txt' to 'img41.txt' in 'C:\Users\PC\AppData\Local\Temp\tmpkypsmj1n\train'
INFO:utils: Copied 'img4.txt' to 'img42.txt' in 'C:\Users\PC\AppData\Local\Temp\tmpkypsmj1n\train'
INFO:utils: Copied 'img5.txt' to 'img50.txt' in 'C:\Users\PC\AppData\Local\Temp\tmpkypsmj1n\train'
INFO:utils: Copied 'img5.txt' to 'img51.txt' in 'C:\Users\PC\AppData\Local\Temp\tmpkypsmj1n\train'
INFO:utils: Copied 'img5.txt' to 'img52.txt' in 'C:\Users\PC\AppData\Local\Temp\tmpkypsmj1n\train'
INFO:utils: Copied 'img6.txt' to 'img60.txt' in 'C:\Users\PC\AppData\Local\Temp\tmpkypsmj1n\train'
INFO:utils: Copied 'img6.txt' to 'img61.txt' in 'C:\Users\PC\AppData\Local\Temp\tmpkypsmj1n\train'
INFO:utils: Copied 'img6.txt' to 'img62.txt' in 'C:\Users\PC\AppData\Local\Temp\tmpkypsmj1n\train'
INFO:utils: Copied 'img7.txt' to 'img70.txt' in 'C:\Users\PC\AppData\Local\Temp\tmpkypsmj1n\train'
INFO:utils: Copied 'img7.txt' to 'img71.txt' in 'C:\Users\PC\AppData\Local\Temp\tmpkypsmj1n\train'
INFO:utils: Copied 'img7.txt' to 'img72.txt' in 'C:\Users\PC\AppData\Local\Temp\tmpkypsmj1n\train'
INFO:utils: Copied 'img8.txt' to 'img80.txt' in 'C:\Users\PC\AppData\Local\Temp\tmpkypsmj1n\train'
INFO:utils: Copied 'img8.txt' to 'img81.txt' in 'C:\Users\PC\AppData\Local\Temp\tmpkypsmj1n\train'
INFO:utils: Copied 'img8.txt' to 'img82.txt' in 'C:\Users\PC\AppData\Local\Temp\tmpkypsmj1n\train'
INFO:utils: Copied 'img9.txt' to 'img90.txt' in 'C:\Users\PC\AppData\Local\Temp\tmpkypsmj1n\train'
INFO:utils: Copied 'img9.txt' to 'img91.txt' in 'C:\Users\PC\AppData\Local\Temp\tmpkypsmj1n\train'
INFO:utils: Copied 'img9.txt' to 'img92.txt' in 'C:\Users\PC\AppData\Local\Temp\tmpkypsmj1n\train'
INFO:utils:Augmenting image
INFO:utils: Copied 'img1.txt' to 'img10.txt' in 'C:\Users\PC\AppData\Local\Temp\tmpkypsmj1n\test'
INFO:utils: Copied 'img1.txt' to 'img11.txt' in 'C:\Users\PC\AppData\Local\Temp\tmpkypsmj1n\test'
INFO:utils: Copied 'img2.txt' to 'img20.txt' in 'C:\Users\PC\AppData\Local\Temp\tmpkypsmj1n\test'
INFO:utils: Copied 'img2.txt' to 'img21.txt' in 'C:\Users\PC\AppData\Local\Temp\tmpkypsmj1n\test'
INFO:utils: Copied 'img3.txt' to 'img30.txt' in 'C:\Users\PC\AppData\Local\Temp\tmpkypsmj1n\test'
INFO:utils: Copied 'img3.txt' to 'img31.txt' in 'C:\Users\PC\AppData\Local\Temp\tmpkypsmj1n\test'
INFO:utils: Copied 'img4.txt' to 'img40.txt' in 'C:\Users\PC\AppData\Local\Temp\tmpkypsmj1n\test'
INFO:utils: Copied 'img4.txt' to 'img41.txt' in 'C:\Users\PC\AppData\Local\Temp\tmpkypsmj1n\test'
INFO:utils: Copied 'img5.txt' to 'img50.txt' in 'C:\Users\PC\AppData\Local\Temp\tmpkypsmj1n\test'
INFO:utils: Copied 'img5.txt' to 'img51.txt' in 'C:\Users\PC\AppData\Local\Temp\tmpkypsmj1n\test'
INFO:utils: Copied 'img6.txt' to 'img60.txt' in 'C:\Users\PC\AppData\Local\Temp\tmpkypsmj1n\test'
INFO:utils: Copied 'img6.txt' to 'img61.txt' in 'C:\Users\PC\AppData\Local\Temp\tmpkypsmj1n\test'
INFO:utils: Copied 'img7.txt' to 'img70.txt' in 'C:\Users\PC\AppData\Local\Temp\tmpkypsmj1n\test'
INFO:utils: Copied 'img7.txt' to 'img71.txt' in 'C:\Users\PC\AppData\Local\Temp\tmpkypsmj1n\test'
INFO:utils: Copied 'img8.txt' to 'img80.txt' in 'C:\Users\PC\AppData\Local\Temp\tmpkypsmj1n\test'
INFO:utils: Copied 'img8.txt' to 'img81.txt' in 'C:\Users\PC\AppData\Local\Temp\tmpkypsmj1n\test'
INFO:utils: Copied 'img9.txt' to 'img90.txt' in 'C:\Users\PC\AppData\Local\Temp\tmpkypsmj1n\test'
INFO:utils: Copied 'img9.txt' to 'img91.txt' in 'C:\Users\PC\AppData\Local\Temp\tmpkypsmj1n\test'
INFO:utils:Augmenting image
INFO:utils: Copied 'img1.txt' to 'img10.txt' in 'C:\Users\PC\AppData\Local\Temp\tmpkypsmj1n\valid'
INFO:utils: Copied 'img2.txt' to 'img20.txt' in 'C:\Users\PC\AppData\Local\Temp\tmpkypsmj1n\valid'
INFO:utils: Copied 'img3.txt' to 'img30.txt' in 'C:\Users\PC\AppData\Local\Temp\tmpkypsmj1n\valid'
INFO:utils: Copied 'img4.txt' to 'img40.txt' in 'C:\Users\PC\AppData\Local\Temp\tmpkypsmj1n\valid'
INFO:utils: Copied 'img5.txt' to 'img50.txt' in 'C:\Users\PC\AppData\Local\Temp\tmpkypsmj1n\valid'
INFO:utils: Copied 'img6.txt' to 'img60.txt' in 'C:\Users\PC\AppData\Local\Temp\tmpkypsmj1n\valid'
INFO:utils: Copied 'img7.txt' to 'img70.txt' in 'C:\Users\PC\AppData\Local\Temp\tmpkypsmj1n\valid'
INFO:utils: Copied 'img8.txt' to 'img80.txt' in 'C:\Users\PC\AppData\Local\Temp\tmpkypsmj1n\valid'
INFO:utils: Copied 'img9.txt' to 'img90.txt' in 'C:\Users\PC\AppData\Local\Temp\tmpkypsmj1n\valid'
INFO:utils:Augmenting image
INFO:utils: Copied 'img1.txt' to 'img10.txt' in 'C:\Users\PC\AppData\Local\Temp\tmpc4nuup_4\train'
INFO:utils: Copied 'img1.txt' to 'img11.txt' in 'C:\Users\PC\AppData\Local\Temp\tmpc4nuup_4\train'
INFO:utils: Copied 'img1.txt' to 'img12.txt' in 'C:\Users\PC\AppData\Local\Temp\tmpc4nuup_4\train'
INFO:utils: Copied 'img2.txt' to 'img20.txt' in 'C:\Users\PC\AppData\Local\Temp\tmpc4nuup_4\train'
INFO:utils: Copied 'img2.txt' to 'img21.txt' in 'C:\Users\PC\AppData\Local\Temp\tmpc4nuup_4\train'
INFO:utils: Copied 'img2.txt' to 'img22.txt' in 'C:\Users\PC\AppData\Local\Temp\tmpc4nuup_4\train'
INFO:utils: Copied 'img3.txt' to 'img30.txt' in 'C:\Users\PC\AppData\Local\Temp\tmpc4nuup_4\train'
INFO:utils: Copied 'img3.txt' to 'img31.txt' in 'C:\Users\PC\AppData\Local\Temp\tmpc4nuup_4\train'
INFO:utils: Copied 'img3.txt' to 'img32.txt' in 'C:\Users\PC\AppData\Local\Temp\tmpc4nuup_4\train'
INFO:utils: Copied 'img4.txt' to 'img40.txt' in 'C:\Users\PC\AppData\Local\Temp\tmpc4nuup_4\train'
INFO:utils: Copied 'img4.txt' to 'img41.txt' in 'C:\Users\PC\AppData\Local\Temp\tmpc4nuup_4\train'
INFO:utils: Copied 'img4.txt' to 'img42.txt' in 'C:\Users\PC\AppData\Local\Temp\tmpc4nuup_4\train'
INFO:utils: Copied 'img5.txt' to 'img50.txt' in 'C:\Users\PC\AppData\Local\Temp\tmpc4nuup_4\train'
INFO:utils: Copied 'img5.txt' to 'img51.txt' in 'C:\Users\PC\AppData\Local\Temp\tmpc4nuup_4\train'
INFO:utils: Copied 'img5.txt' to 'img52.txt' in 'C:\Users\PC\AppData\Local\Temp\tmpc4nuup_4\train'
INFO:utils: Copied 'img6.txt' to 'img60.txt' in 'C:\Users\PC\AppData\Local\Temp\tmpc4nuup_4\train'
INFO:utils: Copied 'img6.txt' to 'img61.txt' in 'C:\Users\PC\AppData\Local\Temp\tmpc4nuup_4\train'
INFO:utils: Copied 'img6.txt' to 'img62.txt' in 'C:\Users\PC\AppData\Local\Temp\tmpc4nuup_4\train'
INFO:utils: Copied 'img7.txt' to 'img70.txt' in 'C:\Users\PC\AppData\Local\Temp\tmpc4nuup_4\train'
INFO:utils: Copied 'img7.txt' to 'img71.txt' in 'C:\Users\PC\AppData\Local\Temp\tmpc4nuup_4\train'
INFO:utils: Copied 'img7.txt' to 'img72.txt' in 'C:\Users\PC\AppData\Local\Temp\tmpc4nuup_4\train'
INFO:utils: Copied 'img8.txt' to 'img80.txt' in 'C:\Users\PC\AppData\Local\Temp\tmpc4nuup_4\train'
INFO:utils: Copied 'img8.txt' to 'img81.txt' in 'C:\Users\PC\AppData\Local\Temp\tmpc4nuup_4\train'
INFO:utils: Copied 'img8.txt' to 'img82.txt' in 'C:\Users\PC\AppData\Local\Temp\tmpc4nuup_4\train'
INFO:utils: Copied 'img9.txt' to 'img90.txt' in 'C:\Users\PC\AppData\Local\Temp\tmpc4nuup_4\train'
INFO:utils: Copied 'img9.txt' to 'img91.txt' in 'C:\Users\PC\AppData\Local\Temp\tmpc4nuup_4\train'
INFO:utils: Copied 'img9.txt' to 'img92.txt' in 'C:\Users\PC\AppData\Local\Temp\tmpc4nuup_4\train'
INFO:utils:Augmenting image
INFO:utils: Copied 'img1.txt' to 'img10.txt' in 'C:\Users\PC\AppData\Local\Temp\tmpc4nuup_4\test'
INFO:utils: Copied 'img1.txt' to 'img11.txt' in 'C:\Users\PC\AppData\Local\Temp\tmpc4nuup_4\test'
INFO:utils: Copied 'img2.txt' to 'img20.txt' in 'C:\Users\PC\AppData\Local\Temp\tmpc4nuup_4\test'
INFO:utils: Copied 'img2.txt' to 'img21.txt' in 'C:\Users\PC\AppData\Local\Temp\tmpc4nuup_4\test'
INFO:utils: Copied 'img3.txt' to 'img30.txt' in 'C:\Users\PC\AppData\Local\Temp\tmpc4nuup_4\test'
INFO:utils: Copied 'img3.txt' to 'img31.txt' in 'C:\Users\PC\AppData\Local\Temp\tmpc4nuup_4\test'
INFO:utils: Copied 'img4.txt' to 'img40.txt' in 'C:\Users\PC\AppData\Local\Temp\tmpc4nuup_4\test'
INFO:utils: Copied 'img4.txt' to 'img41.txt' in 'C:\Users\PC\AppData\Local\Temp\tmpc4nuup_4\test'
INFO:utils: Copied 'img5.txt' to 'img50.txt' in 'C:\Users\PC\AppData\Local\Temp\tmpc4nuup_4\test'
INFO:utils: Copied 'img5.txt' to 'img51.txt' in 'C:\Users\PC\AppData\Local\Temp\tmpc4nuup_4\test'
INFO:utils: Copied 'img6.txt' to 'img60.txt' in 'C:\Users\PC\AppData\Local\Temp\tmpc4nuup_4\test'
INFO:utils: Copied 'img6.txt' to 'img61.txt' in 'C:\Users\PC\AppData\Local\Temp\tmpc4nuup_4\test'
INFO:utils: Copied 'img7.txt' to 'img70.txt' in 'C:\Users\PC\AppData\Local\Temp\tmpc4nuup_4\test'
INFO:utils: Copied 'img7.txt' to 'img71.txt' in 'C:\Users\PC\AppData\Local\Temp\tmpc4nuup_4\test'
INFO:utils: Copied 'img8.txt' to 'img80.txt' in 'C:\Users\PC\AppData\Local\Temp\tmpc4nuup_4\test'
INFO:utils: Copied 'img8.txt' to 'img81.txt' in 'C:\Users\PC\AppData\Local\Temp\tmpc4nuup_4\test'
INFO:utils: Copied 'img9.txt' to 'img90.txt' in 'C:\Users\PC\AppData\Local\Temp\tmpc4nuup_4\test'
INFO:utils: Copied 'img9.txt' to 'img91.txt' in 'C:\Users\PC\AppData\Local\Temp\tmpc4nuup_4\test'
INFO:utils:Augmenting image
INFO:utils: Copied 'img1.txt' to 'img10.txt' in 'C:\Users\PC\AppData\Local\Temp\tmpc4nuup_4\valid'
INFO:utils: Copied 'img2.txt' to 'img20.txt' in 'C:\Users\PC\AppData\Local\Temp\tmpc4nuup_4\valid'
INFO:utils: Copied 'img3.txt' to 'img30.txt' in 'C:\Users\PC\AppData\Local\Temp\tmpc4nuup_4\valid'
INFO:utils: Copied 'img4.txt' to 'img40.txt' in 'C:\Users\PC\AppData\Local\Temp\tmpc4nuup_4\valid'
INFO:utils: Copied 'img5.txt' to 'img50.txt' in 'C:\Users\PC\AppData\Local\Temp\tmpc4nuup_4\valid'
INFO:utils: Copied 'img6.txt' to 'img60.txt' in 'C:\Users\PC\AppData\Local\Temp\tmpc4nuup_4\valid'
INFO:utils: Copied 'img7.txt' to 'img70.txt' in 'C:\Users\PC\AppData\Local\Temp\tmpc4nuup_4\valid'
INFO:utils: Copied 'img8.txt' to 'img80.txt' in 'C:\Users\PC\AppData\Local\Temp\tmpc4nuup_4\valid'
INFO:utils: Copied 'img9.txt' to 'img90.txt' in 'C:\Users\PC\AppData\Local\Temp\tmpc4nuup_4\valid'
